[ 2024-11-21 14:10:39,276 ] 1038 httpx - INFO - HTTP Request: GET https://dagshub.com/api/v1/user "HTTP/1.1 200 OK"
[ 2024-11-21 14:10:39,293 ] 107 dagshub - INFO - Accessing as aadhil.imam
[ 2024-11-21 14:10:40,037 ] 1038 httpx - INFO - HTTP Request: GET https://dagshub.com/api/v1/repos/aadhil.imam/MLops-ETL-Network-Project "HTTP/1.1 200 OK"
[ 2024-11-21 14:10:41,716 ] 1038 httpx - INFO - HTTP Request: GET https://dagshub.com/api/v1/user "HTTP/1.1 200 OK"
[ 2024-11-21 14:10:41,722 ] 107 dagshub - INFO - Initialized MLflow to track repo "aadhil.imam/MLops-ETL-Network-Project"
[ 2024-11-21 14:10:41,724 ] 107 dagshub - INFO - Repository aadhil.imam/MLops-ETL-Network-Project initialized!
[ 2024-11-21 14:10:41,724 ] 20 root - INFO - Initiate the data ingestion
[ 2024-11-21 14:11:06,951 ] 65 root - INFO - Performed train test split on the dataframe
[ 2024-11-21 14:11:06,952 ] 67 root - INFO - Exited split_data_as_train_test method of Data_Ingestion class
[ 2024-11-21 14:11:06,952 ] 75 root - INFO - Exporting train and test file path.
[ 2024-11-21 14:11:07,028 ] 84 root - INFO - Exported train and test file path.
[ 2024-11-21 14:11:07,029 ] 22 root - INFO - Data Initiation Completed
[ 2024-11-21 14:11:07,047 ] 27 root - INFO - Initiate the data Validation
[ 2024-11-21 14:11:07,113 ] 32 root - INFO - Required number of columns:2
[ 2024-11-21 14:11:07,113 ] 33 root - INFO - Data frame has columns:31
[ 2024-11-21 14:11:07,113 ] 32 root - INFO - Required number of columns:2
[ 2024-11-21 14:11:07,113 ] 33 root - INFO - Data frame has columns:31
[ 2024-11-21 14:11:07,357 ] 29 root - INFO - data Validation Completed
[ 2024-11-21 14:11:07,358 ] 33 root - INFO - data Transformation started
[ 2024-11-21 14:11:07,358 ] 63 root - INFO - Entered initiate_data_transformation method of DataTransformation class
[ 2024-11-21 14:11:07,358 ] 65 root - INFO - Starting data transformation
[ 2024-11-21 14:11:07,421 ] 48 root - INFO - Entered get_data_trnasformer_object method of Trnasformation class
[ 2024-11-21 14:11:07,421 ] 53 root - INFO - Initialise KNNImputer with {'missing_values': nan, 'n_neighbors': 3, 'weights': 'uniform'}
[ 2024-11-21 14:11:07,478 ] 46 root - INFO - Entered the save_object method of MainUtils class
[ 2024-11-21 14:11:07,495 ] 50 root - INFO - Exited the save_object method of MainUtils class
[ 2024-11-21 14:11:07,496 ] 46 root - INFO - Entered the save_object method of MainUtils class
[ 2024-11-21 14:11:07,552 ] 50 root - INFO - Exited the save_object method of MainUtils class
[ 2024-11-21 14:11:07,566 ] 37 root - INFO - data Transformation completed
[ 2024-11-21 14:11:07,567 ] 39 root - INFO - Model Training sstared
