[ 2024-11-21 14:16:17,346 ] 1038 httpx - INFO - HTTP Request: GET https://dagshub.com/api/v1/user "HTTP/1.1 200 OK"
[ 2024-11-21 14:16:17,353 ] 107 dagshub - INFO - Accessing as aadhil.imam
[ 2024-11-21 14:16:18,031 ] 1038 httpx - INFO - HTTP Request: GET https://dagshub.com/api/v1/repos/aadhil.imam/MLops-ETL-Network-Project "HTTP/1.1 200 OK"
[ 2024-11-21 14:16:18,608 ] 1038 httpx - INFO - HTTP Request: GET https://dagshub.com/api/v1/user "HTTP/1.1 200 OK"
[ 2024-11-21 14:16:18,613 ] 107 dagshub - INFO - Initialized MLflow to track repo "aadhil.imam/MLops-ETL-Network-Project"
[ 2024-11-21 14:16:18,615 ] 107 dagshub - INFO - Repository aadhil.imam/MLops-ETL-Network-Project initialized!
[ 2024-11-21 14:16:18,615 ] 20 root - INFO - Initiate the data ingestion
[ 2024-11-21 14:16:55,880 ] 65 root - INFO - Performed train test split on the dataframe
[ 2024-11-21 14:16:55,880 ] 67 root - INFO - Exited split_data_as_train_test method of Data_Ingestion class
[ 2024-11-21 14:16:55,880 ] 75 root - INFO - Exporting train and test file path.
[ 2024-11-21 14:16:55,974 ] 84 root - INFO - Exported train and test file path.
[ 2024-11-21 14:16:55,975 ] 22 root - INFO - Data Initiation Completed
[ 2024-11-21 14:16:55,984 ] 27 root - INFO - Initiate the data Validation
[ 2024-11-21 14:16:56,050 ] 32 root - INFO - Required number of columns:2
[ 2024-11-21 14:16:56,050 ] 33 root - INFO - Data frame has columns:31
[ 2024-11-21 14:16:56,050 ] 32 root - INFO - Required number of columns:2
[ 2024-11-21 14:16:56,051 ] 33 root - INFO - Data frame has columns:31
[ 2024-11-21 14:16:56,304 ] 29 root - INFO - data Validation Completed
[ 2024-11-21 14:16:56,304 ] 33 root - INFO - data Transformation started
[ 2024-11-21 14:16:56,304 ] 63 root - INFO - Entered initiate_data_transformation method of DataTransformation class
[ 2024-11-21 14:16:56,304 ] 65 root - INFO - Starting data transformation
[ 2024-11-21 14:16:56,344 ] 48 root - INFO - Entered get_data_trnasformer_object method of Trnasformation class
[ 2024-11-21 14:16:56,344 ] 53 root - INFO - Initialise KNNImputer with {'missing_values': nan, 'n_neighbors': 3, 'weights': 'uniform'}
[ 2024-11-21 14:16:56,391 ] 46 root - INFO - Entered the save_object method of MainUtils class
[ 2024-11-21 14:16:56,412 ] 50 root - INFO - Exited the save_object method of MainUtils class
[ 2024-11-21 14:16:56,412 ] 46 root - INFO - Entered the save_object method of MainUtils class
[ 2024-11-21 14:16:56,432 ] 50 root - INFO - Exited the save_object method of MainUtils class
[ 2024-11-21 14:16:56,439 ] 37 root - INFO - data Transformation completed
[ 2024-11-21 14:16:56,439 ] 39 root - INFO - Model Training sstared
