[ 2024-11-21 14:50:14,091 ] 1038 httpx - INFO - HTTP Request: GET https://dagshub.com/api/v1/user "HTTP/1.1 200 OK"
[ 2024-11-21 14:50:14,101 ] 107 dagshub - INFO - Accessing as aadhil.imam
[ 2024-11-21 14:50:15,248 ] 1038 httpx - INFO - HTTP Request: GET https://dagshub.com/api/v1/repos/aadhil.imam/MLops-ETL-Network-Project "HTTP/1.1 200 OK"
[ 2024-11-21 14:50:15,925 ] 1038 httpx - INFO - HTTP Request: GET https://dagshub.com/api/v1/user "HTTP/1.1 200 OK"
[ 2024-11-21 14:50:15,930 ] 107 dagshub - INFO - Initialized MLflow to track repo "aadhil.imam/MLops-ETL-Network-Project"
[ 2024-11-21 14:50:15,932 ] 107 dagshub - INFO - Repository aadhil.imam/MLops-ETL-Network-Project initialized!
[ 2024-11-21 14:50:15,933 ] 20 root - INFO - Initiate the data ingestion
[ 2024-11-21 14:50:49,086 ] 65 root - INFO - Performed train test split on the dataframe
[ 2024-11-21 14:50:49,087 ] 67 root - INFO - Exited split_data_as_train_test method of Data_Ingestion class
[ 2024-11-21 14:50:49,087 ] 75 root - INFO - Exporting train and test file path.
[ 2024-11-21 14:50:49,167 ] 84 root - INFO - Exported train and test file path.
[ 2024-11-21 14:50:49,168 ] 22 root - INFO - Data Initiation Completed
[ 2024-11-21 14:50:49,190 ] 27 root - INFO - Initiate the data Validation
[ 2024-11-21 14:50:49,268 ] 32 root - INFO - Required number of columns:2
[ 2024-11-21 14:50:49,269 ] 33 root - INFO - Data frame has columns:31
[ 2024-11-21 14:50:49,269 ] 32 root - INFO - Required number of columns:2
[ 2024-11-21 14:50:49,269 ] 33 root - INFO - Data frame has columns:31
[ 2024-11-21 14:50:49,493 ] 29 root - INFO - data Validation Completed
[ 2024-11-21 14:50:49,493 ] 33 root - INFO - data Transformation started
[ 2024-11-21 14:50:49,493 ] 63 root - INFO - Entered initiate_data_transformation method of DataTransformation class
[ 2024-11-21 14:50:49,494 ] 65 root - INFO - Starting data transformation
[ 2024-11-21 14:50:49,527 ] 48 root - INFO - Entered get_data_trnasformer_object method of Trnasformation class
[ 2024-11-21 14:50:49,527 ] 53 root - INFO - Initialise KNNImputer with {'missing_values': nan, 'n_neighbors': 3, 'weights': 'uniform'}
[ 2024-11-21 14:50:49,559 ] 46 root - INFO - Entered the save_object method of MainUtils class
[ 2024-11-21 14:50:49,574 ] 50 root - INFO - Exited the save_object method of MainUtils class
[ 2024-11-21 14:50:49,575 ] 46 root - INFO - Entered the save_object method of MainUtils class
[ 2024-11-21 14:50:49,593 ] 50 root - INFO - Exited the save_object method of MainUtils class
[ 2024-11-21 14:50:49,595 ] 37 root - INFO - data Transformation completed
[ 2024-11-21 14:50:49,595 ] 39 root - INFO - Model Training sstared
[ 2024-11-21 14:57:01,530 ] 870 urllib3.connectionpool - WARNING - Retrying (Retry(total=4, connect=5, read=5, redirect=5, status=5)) after connection broken by 'SSLEOFError(8, 'EOF occurred in violation of protocol (_ssl.c:2384)')': /aadhil.imam/MLops-ETL-Network-Project.mlflow/api/2.0/mlflow-artifacts/artifacts/0c2fb68f9d994c0680798434d58f0398/2ab9a912ebe244ecae7f16a582c82318/artifacts/model/model.pkl
