[ 2024-11-21 16:16:58,774 ] 1038 httpx - INFO - HTTP Request: GET https://dagshub.com/api/v1/user "HTTP/1.1 200 OK"
[ 2024-11-21 16:16:58,781 ] 107 dagshub - INFO - Accessing as aadhil.imam
[ 2024-11-21 16:16:59,849 ] 1038 httpx - INFO - HTTP Request: GET https://dagshub.com/api/v1/repos/aadhil.imam/MLops-ETL-Network-Project "HTTP/1.1 200 OK"
[ 2024-11-21 16:17:00,425 ] 1038 httpx - INFO - HTTP Request: GET https://dagshub.com/api/v1/user "HTTP/1.1 200 OK"
[ 2024-11-21 16:17:00,428 ] 107 dagshub - INFO - Initialized MLflow to track repo "aadhil.imam/MLops-ETL-Network-Project"
[ 2024-11-21 16:17:00,429 ] 107 dagshub - INFO - Repository aadhil.imam/MLops-ETL-Network-Project initialized!
[ 2024-11-21 16:17:05,560 ] 42 root - INFO - Start data Ingestion
[ 2024-11-21 16:19:50,242 ] 65 root - INFO - Performed train test split on the dataframe
[ 2024-11-21 16:19:50,242 ] 67 root - INFO - Exited split_data_as_train_test method of Data_Ingestion class
[ 2024-11-21 16:19:50,242 ] 75 root - INFO - Exporting train and test file path.
[ 2024-11-21 16:19:50,308 ] 84 root - INFO - Exported train and test file path.
[ 2024-11-21 16:19:50,310 ] 45 root - INFO - Data Ingestion completed and artifact: DataIngestionArtifact(trained_file_path='Artifacts\\11_21_2024_16_16_53\\data_ingestion\\ingested\\train.csv', test_file_path='Artifacts\\11_21_2024_16_16_53\\data_ingestion\\ingested\\test.csv')
[ 2024-11-21 16:19:50,327 ] 55 root - INFO - Initiate the data Validation
[ 2024-11-21 16:19:50,385 ] 32 root - INFO - Required number of columns:2
[ 2024-11-21 16:19:50,385 ] 33 root - INFO - Data frame has columns:31
[ 2024-11-21 16:19:50,385 ] 32 root - INFO - Required number of columns:2
[ 2024-11-21 16:19:50,385 ] 33 root - INFO - Data frame has columns:31
[ 2024-11-21 16:19:50,540 ] 63 root - INFO - Entered initiate_data_transformation method of DataTransformation class
[ 2024-11-21 16:19:50,541 ] 65 root - INFO - Starting data transformation
[ 2024-11-21 16:19:50,566 ] 48 root - INFO - Entered get_data_trnasformer_object method of Trnasformation class
[ 2024-11-21 16:19:50,566 ] 53 root - INFO - Initialise KNNImputer with {'missing_values': nan, 'n_neighbors': 3, 'weights': 'uniform'}
[ 2024-11-21 16:19:50,589 ] 46 root - INFO - Entered the save_object method of MainUtils class
[ 2024-11-21 16:19:50,604 ] 50 root - INFO - Exited the save_object method of MainUtils class
[ 2024-11-21 16:19:50,604 ] 46 root - INFO - Entered the save_object method of MainUtils class
[ 2024-11-21 16:19:50,619 ] 50 root - INFO - Exited the save_object method of MainUtils class
